20:01:24 INFO  : Registering command handlers for SDK TCF services
20:01:27 INFO  : Launching XSCT server: xsct.bat -interactive D:\myCodes\XilinxSDK_Workspace\temp_xsdb_launch_script.tcl
20:01:32 INFO  : XSCT server has started successfully.
20:01:37 INFO  : Successfully done setting XSCT server connection channel  
20:01:37 INFO  : Successfully done setting SDK workspace  
22:07:11 INFO  : Registering command handlers for SDK TCF services
22:07:12 INFO  : Launching XSCT server: xsct.bat -interactive D:\myCodes\XilinxSDK_Workspace\temp_xsdb_launch_script.tcl
22:07:17 INFO  : XSCT server has started successfully.
22:07:17 INFO  : Successfully done setting XSCT server connection channel  
22:07:17 INFO  : Successfully done setting SDK workspace  
22:36:51 INFO  : Registering command handlers for SDK TCF services
22:36:52 INFO  : Launching XSCT server: xsct.bat -interactive D:\myCodes\XilinxSDK_Workspace\temp_xsdb_launch_script.tcl
22:36:56 INFO  : XSCT server has started successfully.
22:36:56 INFO  : Successfully done setting XSCT server connection channel  
22:36:56 INFO  : Successfully done setting SDK workspace  
00:57:30 INFO  : Registering command handlers for SDK TCF services
00:57:32 INFO  : Launching XSCT server: xsct.bat -interactive D:\myCodes\XilinxSDK_Workspace\temp_xsdb_launch_script.tcl
00:57:37 INFO  : XSCT server has started successfully.
00:57:41 INFO  : Successfully done setting XSCT server connection channel  
00:57:41 INFO  : Successfully done setting SDK workspace  
01:20:06 INFO  : Registering command handlers for SDK TCF services
01:20:08 INFO  : Launching XSCT server: xsct.bat -interactive D:\myCodes\XilinxSDK_Workspace\temp_xsdb_launch_script.tcl
01:20:14 INFO  : XSCT server has started successfully.
01:20:19 INFO  : Successfully done setting XSCT server connection channel  
01:20:20 INFO  : Successfully done setting SDK workspace  
20:50:42 INFO  : Registering command handlers for SDK TCF services
20:50:45 INFO  : Launching XSCT server: xsct.bat -interactive D:\myCodes\XilinxSDK_Workspace\temp_xsdb_launch_script.tcl
20:50:54 INFO  : XSCT server has started successfully.
20:51:02 INFO  : Successfully done setting XSCT server connection channel  
20:51:02 INFO  : Successfully done setting SDK workspace  
22:04:51 INFO  : Registering command handlers for SDK TCF services
22:04:54 INFO  : Launching XSCT server: xsct.bat -interactive D:\myCodes\XilinxSDK_Workspace\temp_xsdb_launch_script.tcl
22:05:01 INFO  : XSCT server has started successfully.
22:05:01 INFO  : Successfully done setting XSCT server connection channel  
22:05:10 INFO  : Successfully done setting SDK workspace  
22:13:08 INFO  : Registering command handlers for SDK TCF services
22:13:09 INFO  : Launching XSCT server: xsct.bat -interactive D:\myCodes\XilinxSDK_Workspace\temp_xsdb_launch_script.tcl
22:13:13 INFO  : XSCT server has started successfully.
22:13:14 INFO  : Successfully done setting XSCT server connection channel  
22:13:14 INFO  : Successfully done setting SDK workspace  
22:40:30 INFO  : Registering command handlers for SDK TCF services
22:40:33 INFO  : Launching XSCT server: xsct.bat -interactive D:\myCodes\XilinxSDK_Workspace\temp_xsdb_launch_script.tcl
22:40:42 INFO  : XSCT server has started successfully.
22:40:42 INFO  : Successfully done setting XSCT server connection channel  
22:40:51 INFO  : Successfully done setting SDK workspace  
00:40:15 INFO  : Registering command handlers for SDK TCF services
00:40:17 INFO  : Launching XSCT server: xsct.bat -interactive D:\myCodes\XilinxSDK_Workspace\temp_xsdb_launch_script.tcl
00:40:24 INFO  : XSCT server has started successfully.
00:40:34 INFO  : Successfully done setting XSCT server connection channel  
00:40:34 INFO  : Successfully done setting SDK workspace  
18:01:01 INFO  : Registering command handlers for SDK TCF services
18:01:03 INFO  : Launching XSCT server: xsct.bat -interactive D:\myCodes\XilinxSDK_Workspace\temp_xsdb_launch_script.tcl
18:01:10 INFO  : XSCT server has started successfully.
18:01:10 INFO  : Successfully done setting XSCT server connection channel  
18:01:17 INFO  : Successfully done setting SDK workspace  
13:22:34 INFO  : Registering command handlers for SDK TCF services
13:22:36 INFO  : Launching XSCT server: xsct.bat -interactive D:\myCodes\XilinxSDK_Workspace\temp_xsdb_launch_script.tcl
13:22:44 INFO  : XSCT server has started successfully.
13:22:44 INFO  : Successfully done setting XSCT server connection channel  
13:22:51 INFO  : Successfully done setting SDK workspace  
12:57:34 INFO  : Registering command handlers for SDK TCF services
12:57:37 INFO  : Launching XSCT server: xsct.bat -interactive D:\myCodes\XilinxSDK_Workspace\temp_xsdb_launch_script.tcl
12:57:43 INFO  : XSCT server has started successfully.
12:57:43 INFO  : Successfully done setting XSCT server connection channel  
12:57:49 INFO  : Successfully done setting SDK workspace  
14:47:25 INFO  : Registering command handlers for SDK TCF services
14:47:26 INFO  : Launching XSCT server: xsct.bat -interactive D:\myCodes\GitHub\c_lib\can_analysis\temp_xsdb_launch_script.tcl
14:47:34 INFO  : XSCT server has started successfully.
14:47:34 INFO  : Successfully done setting XSCT server connection channel  
14:47:34 INFO  : Successfully done setting SDK workspace  
01:02:29 INFO  : Registering command handlers for SDK TCF services
01:02:30 INFO  : Launching XSCT server: xsct.bat -interactive D:\myCodes\GitHub\c_lib\can_analysis\temp_xsdb_launch_script.tcl
01:02:41 INFO  : XSCT server has started successfully.
01:02:48 INFO  : Successfully done setting XSCT server connection channel  
01:02:48 INFO  : Successfully done setting SDK workspace  
00:41:44 INFO  : Registering command handlers for SDK TCF services
00:41:46 INFO  : Launching XSCT server: xsct.bat -interactive D:\myCodes\GitHub\c_lib\can_analysis\temp_xsdb_launch_script.tcl
00:41:54 INFO  : XSCT server has started successfully.
00:41:54 INFO  : Successfully done setting XSCT server connection channel  
00:42:01 INFO  : Successfully done setting SDK workspace  
